Arguments: 
  C:\Program Files\nodejs\node.exe C:\Users\aneto\AppData\Roaming\npm\node_modules\yarn\bin\yarn.js add @types/cors -D

PATH: 
  C:\Users\aneto\AppData\Local\Programs\Git\mingw64\bin;C:\Users\aneto\AppData\Local\Programs\Git\usr\bin;C:\Users\aneto\bin;C:\Program Files\Common Files\Oracle\Java\javapath;C:\Program Files (x86)\Common Files\Oracle\Java\javapath;C:\WINDOWS\system32;C:\WINDOWS;C:\WINDOWS\System32\Wbem;C:\WINDOWS\System32\WindowsPowerShell\v1.0;C:\WINDOWS\System32\OpenSSH;C:\Program Files\Microsoft VS Code\bin;C:\Program Files\nodejs;C:\Program Files\PuTTY;C:\composer;C:\wamp64\bin\php\php7.4.9;C:\php-7.4.6;C:\PROGRA~1\IBM\SQLLIB\BIN;C:\PROGRA~1\IBM\SQLLIB\FUNCTION;C:\ProgramData\UNIVALI\Portugol Studio;C:\Users\aneto\AppData\Local\Microsoft\WindowsApps;C:\php-7.4.3-nts-Win32-vc15-x64;C:\Users\aneto\AppData\Roaming\npm;C:\Users\aneto\AppData\Local\Programs\Git\cmd

Yarn version: 
  1.22.17

Node version: 
  12.18.3

Platform: 
  win32 x64

Trace: 
  Error: EPERM: operation not permitted, unlink 'A:\documentos\code\desenvolvendohabilidades\node_heat\node_modules\@prisma\engines\query_engine-windows.dll.node'

npm manifest: 
  {
    "name": "node_heat",
    "version": "1.0.0",
    "description": "",
    "main": "index.js",
    "scripts": {
      "dev": "ts-node-dev --exit-child src/app.ts"
    },
    "keywords": [],
    "author": "",
    "license": "ISC",
    "dependencies": {
      "@prisma/client": "^3.3.0",
      "axios": "^0.23.0",
      "dotenv": "^10.0.0",
      "express": "^4.17.1",
      "jsonwebtoken": "^8.5.1",
      "tsc": "^2.0.3"
    },
    "devDependencies": {
      "@types/axios": "^0.14.0",
      "@types/express": "^4.17.13",
      "@types/jasmine": "^3.10.0",
      "@types/jsonwebtoken": "^8.5.5",
      "jasmine-core": "^3.10.0",
      "karma": "^6.3.4",
      "karma-chrome-launcher": "^3.1.0",
      "karma-jasmine": "^4.0.1",
      "karma-webpack": "^5.0.0",
      "prisma": "^3.2.1",
      "ts-loader": "^9.2.6",
      "ts-node-dev": "^1.1.8",
      "typescript": "^4.4.4",
      "webpack": "^5.58.2",
      "webpack-dev-server": "^4.3.1"
    }
  }

yarn manifest: 
  No manifest

Lockfile: 
  No lockfile
